Analysis & Synthesis report for extre
Thu Jun 21 20:37:56 2018
Quartus Prime Version 18.0.0 Build 614 04/24/2018 SJ Lite Edition


---------------------
; Table of Contents ;
---------------------
  1. Legal Notice
  2. Analysis & Synthesis Summary
  3. Analysis & Synthesis Settings
  4. Parallel Compilation
  5. Analysis & Synthesis Source Files Read
  6. Analysis & Synthesis Resource Usage Summary
  7. Analysis & Synthesis Resource Utilization by Entity
  8. General Register Statistics
  9. Parameter Settings for User Entity Instance: fp:inst2
 10. Parameter Settings for Inferred Entity Instance: index:inst|lpm_divide:Div6
 11. Parameter Settings for Inferred Entity Instance: index:inst|lpm_divide:Div3
 12. Parameter Settings for Inferred Entity Instance: index:inst|lpm_divide:Mod5
 13. Parameter Settings for Inferred Entity Instance: index:inst|lpm_divide:Mod2
 14. Parameter Settings for Inferred Entity Instance: index:inst|lpm_divide:Div5
 15. Parameter Settings for Inferred Entity Instance: index:inst|lpm_divide:Div2
 16. Parameter Settings for Inferred Entity Instance: index:inst|lpm_divide:Mod4
 17. Parameter Settings for Inferred Entity Instance: index:inst|lpm_divide:Mod1
 18. Parameter Settings for Inferred Entity Instance: index:inst|lpm_divide:Mod3
 19. Parameter Settings for Inferred Entity Instance: index:inst|lpm_divide:Mod0
 20. Parameter Settings for Inferred Entity Instance: index:inst|lpm_divide:Div4
 21. Parameter Settings for Inferred Entity Instance: index:inst|lpm_divide:Div1
 22. Post-Synthesis Netlist Statistics for Top Partition
 23. Elapsed Time Per Partition
 24. Analysis & Synthesis Messages



----------------
; Legal Notice ;
----------------
Copyright (C) 2018  Intel Corporation. All rights reserved.
Your use of Intel Corporation's design tools, logic functions 
and other software and tools, and its AMPP partner logic 
functions, and any output files from any of the foregoing 
(including device programming or simulation files), and any 
associated documentation or information are expressly subject 
to the terms and conditions of the Intel Program License 
Subscription Agreement, the Intel Quartus Prime License Agreement,
the Intel FPGA IP License Agreement, or other applicable license
agreement, including, without limitation, that your use is for
the sole purpose of programming logic devices manufactured by
Intel and sold by Intel or its authorized distributors.  Please
refer to the applicable agreement for further details.



+----------------------------------------------------------------------------------+
; Analysis & Synthesis Summary                                                     ;
+------------------------------------+---------------------------------------------+
; Analysis & Synthesis Status        ; Successful - Thu Jun 21 20:37:55 2018       ;
; Quartus Prime Version              ; 18.0.0 Build 614 04/24/2018 SJ Lite Edition ;
; Revision Name                      ; extre                                       ;
; Top-level Entity Name              ; extre                                       ;
; Family                             ; Cyclone IV E                                ;
; Total logic elements               ; 1,154                                       ;
;     Total combinational functions  ; 1,154                                       ;
;     Dedicated logic registers      ; 105                                         ;
; Total registers                    ; 105                                         ;
; Total pins                         ; 56                                          ;
; Total virtual pins                 ; 0                                           ;
; Total memory bits                  ; 0                                           ;
; Embedded Multiplier 9-bit elements ; 0                                           ;
; Total PLLs                         ; 0                                           ;
+------------------------------------+---------------------------------------------+


+------------------------------------------------------------------------------------------------------------+
; Analysis & Synthesis Settings                                                                              ;
+------------------------------------------------------------------+--------------------+--------------------+
; Option                                                           ; Setting            ; Default Value      ;
+------------------------------------------------------------------+--------------------+--------------------+
; Device                                                           ; EP4CE115F29C7      ;                    ;
; Top-level entity name                                            ; extre              ; extre              ;
; Family name                                                      ; Cyclone IV E       ; Cyclone V          ;
; Use smart compilation                                            ; Off                ; Off                ;
; Enable parallel Assembler and Timing Analyzer during compilation ; On                 ; On                 ;
; Enable compact report table                                      ; Off                ; Off                ;
; Restructure Multiplexers                                         ; Auto               ; Auto               ;
; Create Debugging Nodes for IP Cores                              ; Off                ; Off                ;
; Preserve fewer node names                                        ; On                 ; On                 ;
; Intel FPGA IP Evaluation Mode                                    ; Enable             ; Enable             ;
; Verilog Version                                                  ; Verilog_2001       ; Verilog_2001       ;
; VHDL Version                                                     ; VHDL_1993          ; VHDL_1993          ;
; State Machine Processing                                         ; Auto               ; Auto               ;
; Safe State Machine                                               ; Off                ; Off                ;
; Extract Verilog State Machines                                   ; On                 ; On                 ;
; Extract VHDL State Machines                                      ; On                 ; On                 ;
; Ignore Verilog initial constructs                                ; Off                ; Off                ;
; Iteration limit for constant Verilog loops                       ; 5000               ; 5000               ;
; Iteration limit for non-constant Verilog loops                   ; 250                ; 250                ;
; Add Pass-Through Logic to Inferred RAMs                          ; On                 ; On                 ;
; Infer RAMs from Raw Logic                                        ; On                 ; On                 ;
; Parallel Synthesis                                               ; On                 ; On                 ;
; DSP Block Balancing                                              ; Auto               ; Auto               ;
; NOT Gate Push-Back                                               ; On                 ; On                 ;
; Power-Up Don't Care                                              ; On                 ; On                 ;
; Remove Redundant Logic Cells                                     ; Off                ; Off                ;
; Remove Duplicate Registers                                       ; On                 ; On                 ;
; Ignore CARRY Buffers                                             ; Off                ; Off                ;
; Ignore CASCADE Buffers                                           ; Off                ; Off                ;
; Ignore GLOBAL Buffers                                            ; Off                ; Off                ;
; Ignore ROW GLOBAL Buffers                                        ; Off                ; Off                ;
; Ignore LCELL Buffers                                             ; Off                ; Off                ;
; Ignore SOFT Buffers                                              ; On                 ; On                 ;
; Limit AHDL Integers to 32 Bits                                   ; Off                ; Off                ;
; Optimization Technique                                           ; Balanced           ; Balanced           ;
; Carry Chain Length                                               ; 70                 ; 70                 ;
; Auto Carry Chains                                                ; On                 ; On                 ;
; Auto Open-Drain Pins                                             ; On                 ; On                 ;
; Perform WYSIWYG Primitive Resynthesis                            ; Off                ; Off                ;
; Auto ROM Replacement                                             ; On                 ; On                 ;
; Auto RAM Replacement                                             ; On                 ; On                 ;
; Auto DSP Block Replacement                                       ; On                 ; On                 ;
; Auto Shift Register Replacement                                  ; Auto               ; Auto               ;
; Allow Shift Register Merging across Hierarchies                  ; Auto               ; Auto               ;
; Auto Clock Enable Replacement                                    ; On                 ; On                 ;
; Strict RAM Replacement                                           ; Off                ; Off                ;
; Allow Synchronous Control Signals                                ; On                 ; On                 ;
; Force Use of Synchronous Clear Signals                           ; Off                ; Off                ;
; Auto RAM Block Balancing                                         ; On                 ; On                 ;
; Auto RAM to Logic Cell Conversion                                ; Off                ; Off                ;
; Auto Resource Sharing                                            ; Off                ; Off                ;
; Allow Any RAM Size For Recognition                               ; Off                ; Off                ;
; Allow Any ROM Size For Recognition                               ; Off                ; Off                ;
; Allow Any Shift Register Size For Recognition                    ; Off                ; Off                ;
; Use LogicLock Constraints during Resource Balancing              ; On                 ; On                 ;
; Ignore translate_off and synthesis_off directives                ; Off                ; Off                ;
; Timing-Driven Synthesis                                          ; On                 ; On                 ;
; Report Parameter Settings                                        ; On                 ; On                 ;
; Report Source Assignments                                        ; On                 ; On                 ;
; Report Connectivity Checks                                       ; On                 ; On                 ;
; Ignore Maximum Fan-Out Assignments                               ; Off                ; Off                ;
; Synchronization Register Chain Length                            ; 2                  ; 2                  ;
; Power Optimization During Synthesis                              ; Normal compilation ; Normal compilation ;
; HDL message level                                                ; Level2             ; Level2             ;
; Suppress Register Optimization Related Messages                  ; Off                ; Off                ;
; Number of Removed Registers Reported in Synthesis Report         ; 5000               ; 5000               ;
; Number of Swept Nodes Reported in Synthesis Report               ; 5000               ; 5000               ;
; Number of Inverted Registers Reported in Synthesis Report        ; 100                ; 100                ;
; Clock MUX Protection                                             ; On                 ; On                 ;
; Auto Gated Clock Conversion                                      ; Off                ; Off                ;
; Block Design Naming                                              ; Auto               ; Auto               ;
; SDC constraint protection                                        ; Off                ; Off                ;
; Synthesis Effort                                                 ; Auto               ; Auto               ;
; Shift Register Replacement - Allow Asynchronous Clear Signal     ; On                 ; On                 ;
; Pre-Mapping Resynthesis Optimization                             ; Off                ; Off                ;
; Analysis & Synthesis Message Level                               ; Medium             ; Medium             ;
; Disable Register Merging Across Hierarchies                      ; Auto               ; Auto               ;
; Resource Aware Inference For Block RAM                           ; On                 ; On                 ;
+------------------------------------------------------------------+--------------------+--------------------+


+------------------------------------------+
; Parallel Compilation                     ;
+----------------------------+-------------+
; Processors                 ; Number      ;
+----------------------------+-------------+
; Number detected on machine ; 4           ;
; Maximum allowed            ; 4           ;
;                            ;             ;
; Average used               ; 1.00        ;
; Maximum used               ; 4           ;
;                            ;             ;
; Usage by Processor         ; % Time Used ;
;     Processor 1            ; 100.0%      ;
;     Processor 2            ;   0.1%      ;
;     Processor 3            ;   0.1%      ;
;     Processor 4            ;   0.1%      ;
+----------------------------+-------------+


+------------------------------------------------------------------------------------------------------------------------------------------------------------------------+
; Analysis & Synthesis Source Files Read                                                                                                                                 ;
+----------------------------------+-----------------+------------------------------------+--------------------------------------------------------------------+---------+
; File Name with User-Entered Path ; Used in Netlist ; File Type                          ; File Name with Absolute Path                                       ; Library ;
+----------------------------------+-----------------+------------------------------------+--------------------------------------------------------------------+---------+
; index.v                          ; yes             ; User Verilog HDL File              ; C:/Users/liliangbin/Desktop/eda/ex/index.v                         ;         ;
; Dec7s.v                          ; yes             ; User Verilog HDL File              ; C:/Users/liliangbin/Desktop/eda/ex/Dec7s.v                         ;         ;
; fp.v                             ; yes             ; User Verilog HDL File              ; C:/Users/liliangbin/Desktop/eda/ex/fp.v                            ;         ;
; extre.bdf                        ; yes             ; User Block Diagram/Schematic File  ; C:/Users/liliangbin/Desktop/eda/ex/extre.bdf                       ;         ;
; lpm_divide.tdf                   ; yes             ; Megafunction                       ; d:/qutrtuslite/quartus/libraries/megafunctions/lpm_divide.tdf      ;         ;
; abs_divider.inc                  ; yes             ; Megafunction                       ; d:/qutrtuslite/quartus/libraries/megafunctions/abs_divider.inc     ;         ;
; sign_div_unsign.inc              ; yes             ; Megafunction                       ; d:/qutrtuslite/quartus/libraries/megafunctions/sign_div_unsign.inc ;         ;
; aglobal180.inc                   ; yes             ; Megafunction                       ; d:/qutrtuslite/quartus/libraries/megafunctions/aglobal180.inc      ;         ;
; db/lpm_divide_jhm.tdf            ; yes             ; Auto-Generated Megafunction        ; C:/Users/liliangbin/Desktop/eda/ex/db/lpm_divide_jhm.tdf           ;         ;
; db/sign_div_unsign_bkh.tdf       ; yes             ; Auto-Generated Megafunction        ; C:/Users/liliangbin/Desktop/eda/ex/db/sign_div_unsign_bkh.tdf      ;         ;
; db/alt_u_div_a4f.tdf             ; yes             ; Auto-Generated Megafunction        ; C:/Users/liliangbin/Desktop/eda/ex/db/alt_u_div_a4f.tdf            ;         ;
; db/add_sub_7pc.tdf               ; yes             ; Auto-Generated Megafunction        ; C:/Users/liliangbin/Desktop/eda/ex/db/add_sub_7pc.tdf              ;         ;
; db/add_sub_8pc.tdf               ; yes             ; Auto-Generated Megafunction        ; C:/Users/liliangbin/Desktop/eda/ex/db/add_sub_8pc.tdf              ;         ;
; db/lpm_divide_m9m.tdf            ; yes             ; Auto-Generated Megafunction        ; C:/Users/liliangbin/Desktop/eda/ex/db/lpm_divide_m9m.tdf           ;         ;
+----------------------------------+-----------------+------------------------------------+--------------------------------------------------------------------+---------+


+----------------------------------------------------------+
; Analysis & Synthesis Resource Usage Summary              ;
+---------------------------------------------+------------+
; Resource                                    ; Usage      ;
+---------------------------------------------+------------+
; Estimated Total logic elements              ; 1,154      ;
;                                             ;            ;
; Total combinational functions               ; 1154       ;
; Logic element usage by number of LUT inputs ;            ;
;     -- 4 input functions                    ; 225        ;
;     -- 3 input functions                    ; 300        ;
;     -- <=2 input functions                  ; 629        ;
;                                             ;            ;
; Logic elements by mode                      ;            ;
;     -- normal mode                          ; 805        ;
;     -- arithmetic mode                      ; 349        ;
;                                             ;            ;
; Total registers                             ; 105        ;
;     -- Dedicated logic registers            ; 105        ;
;     -- I/O registers                        ; 0          ;
;                                             ;            ;
; I/O pins                                    ; 56         ;
;                                             ;            ;
; Embedded Multiplier 9-bit elements          ; 0          ;
;                                             ;            ;
; Maximum fan-out node                        ; key0~input ;
; Maximum fan-out                             ; 169        ;
; Total fan-out                               ; 3312       ;
; Average fan-out                             ; 2.42       ;
+---------------------------------------------+------------+


+-------------------------------------------------------------------------------------------------------------------------------------------------------------------------------------------------------------------------------------------------------------------------------------------------------------------------------+
; Analysis & Synthesis Resource Utilization by Entity                                                                                                                                                                                                                                                                           ;
+-------------------------------------------+---------------------+---------------------------+-------------+--------------+---------+-----------+------+--------------+-------------------------------------------------------------------------------------------------------------------+---------------------+--------------+
; Compilation Hierarchy Node                ; Combinational ALUTs ; Dedicated Logic Registers ; Memory Bits ; DSP Elements ; DSP 9x9 ; DSP 18x18 ; Pins ; Virtual Pins ; Full Hierarchy Name                                                                                               ; Entity Name         ; Library Name ;
+-------------------------------------------+---------------------+---------------------------+-------------+--------------+---------+-----------+------+--------------+-------------------------------------------------------------------------------------------------------------------+---------------------+--------------+
; |extre                                    ; 1154 (0)            ; 105 (0)                   ; 0           ; 0            ; 0       ; 0         ; 56   ; 0            ; |extre                                                                                                            ; extre               ; work         ;
;    |Dec7s:inst1|                          ; 8 (8)               ; 0 (0)                     ; 0           ; 0            ; 0       ; 0         ; 0    ; 0            ; |extre|Dec7s:inst1                                                                                                ; Dec7s               ; work         ;
;    |Dec7s:inst3|                          ; 8 (8)               ; 0 (0)                     ; 0           ; 0            ; 0       ; 0         ; 0    ; 0            ; |extre|Dec7s:inst3                                                                                                ; Dec7s               ; work         ;
;    |Dec7s:inst4|                          ; 8 (8)               ; 0 (0)                     ; 0           ; 0            ; 0       ; 0         ; 0    ; 0            ; |extre|Dec7s:inst4                                                                                                ; Dec7s               ; work         ;
;    |Dec7s:inst5|                          ; 8 (8)               ; 0 (0)                     ; 0           ; 0            ; 0       ; 0         ; 0    ; 0            ; |extre|Dec7s:inst5                                                                                                ; Dec7s               ; work         ;
;    |Dec7s:inst6|                          ; 8 (8)               ; 0 (0)                     ; 0           ; 0            ; 0       ; 0         ; 0    ; 0            ; |extre|Dec7s:inst6                                                                                                ; Dec7s               ; work         ;
;    |Dec7s:inst7|                          ; 8 (8)               ; 0 (0)                     ; 0           ; 0            ; 0       ; 0         ; 0    ; 0            ; |extre|Dec7s:inst7                                                                                                ; Dec7s               ; work         ;
;    |fp:inst2|                             ; 50 (50)             ; 32 (32)                   ; 0           ; 0            ; 0       ; 0         ; 0    ; 0            ; |extre|fp:inst2                                                                                                   ; fp                  ; work         ;
;    |index:inst|                           ; 1056 (384)          ; 73 (73)                   ; 0           ; 0            ; 0       ; 0         ; 0    ; 0            ; |extre|index:inst                                                                                                 ; index               ; work         ;
;       |lpm_divide:Div1|                   ; 56 (0)              ; 0 (0)                     ; 0           ; 0            ; 0       ; 0         ; 0    ; 0            ; |extre|index:inst|lpm_divide:Div1                                                                                 ; lpm_divide          ; work         ;
;          |lpm_divide_jhm:auto_generated|  ; 56 (0)              ; 0 (0)                     ; 0           ; 0            ; 0       ; 0         ; 0    ; 0            ; |extre|index:inst|lpm_divide:Div1|lpm_divide_jhm:auto_generated                                                   ; lpm_divide_jhm      ; work         ;
;             |sign_div_unsign_bkh:divider| ; 56 (0)              ; 0 (0)                     ; 0           ; 0            ; 0       ; 0         ; 0    ; 0            ; |extre|index:inst|lpm_divide:Div1|lpm_divide_jhm:auto_generated|sign_div_unsign_bkh:divider                       ; sign_div_unsign_bkh ; work         ;
;                |alt_u_div_a4f:divider|    ; 56 (56)             ; 0 (0)                     ; 0           ; 0            ; 0       ; 0         ; 0    ; 0            ; |extre|index:inst|lpm_divide:Div1|lpm_divide_jhm:auto_generated|sign_div_unsign_bkh:divider|alt_u_div_a4f:divider ; alt_u_div_a4f       ; work         ;
;       |lpm_divide:Div2|                   ; 56 (0)              ; 0 (0)                     ; 0           ; 0            ; 0       ; 0         ; 0    ; 0            ; |extre|index:inst|lpm_divide:Div2                                                                                 ; lpm_divide          ; work         ;
;          |lpm_divide_jhm:auto_generated|  ; 56 (0)              ; 0 (0)                     ; 0           ; 0            ; 0       ; 0         ; 0    ; 0            ; |extre|index:inst|lpm_divide:Div2|lpm_divide_jhm:auto_generated                                                   ; lpm_divide_jhm      ; work         ;
;             |sign_div_unsign_bkh:divider| ; 56 (0)              ; 0 (0)                     ; 0           ; 0            ; 0       ; 0         ; 0    ; 0            ; |extre|index:inst|lpm_divide:Div2|lpm_divide_jhm:auto_generated|sign_div_unsign_bkh:divider                       ; sign_div_unsign_bkh ; work         ;
;                |alt_u_div_a4f:divider|    ; 56 (56)             ; 0 (0)                     ; 0           ; 0            ; 0       ; 0         ; 0    ; 0            ; |extre|index:inst|lpm_divide:Div2|lpm_divide_jhm:auto_generated|sign_div_unsign_bkh:divider|alt_u_div_a4f:divider ; alt_u_div_a4f       ; work         ;
;       |lpm_divide:Div3|                   ; 56 (0)              ; 0 (0)                     ; 0           ; 0            ; 0       ; 0         ; 0    ; 0            ; |extre|index:inst|lpm_divide:Div3                                                                                 ; lpm_divide          ; work         ;
;          |lpm_divide_jhm:auto_generated|  ; 56 (0)              ; 0 (0)                     ; 0           ; 0            ; 0       ; 0         ; 0    ; 0            ; |extre|index:inst|lpm_divide:Div3|lpm_divide_jhm:auto_generated                                                   ; lpm_divide_jhm      ; work         ;
;             |sign_div_unsign_bkh:divider| ; 56 (0)              ; 0 (0)                     ; 0           ; 0            ; 0       ; 0         ; 0    ; 0            ; |extre|index:inst|lpm_divide:Div3|lpm_divide_jhm:auto_generated|sign_div_unsign_bkh:divider                       ; sign_div_unsign_bkh ; work         ;
;                |alt_u_div_a4f:divider|    ; 56 (56)             ; 0 (0)                     ; 0           ; 0            ; 0       ; 0         ; 0    ; 0            ; |extre|index:inst|lpm_divide:Div3|lpm_divide_jhm:auto_generated|sign_div_unsign_bkh:divider|alt_u_div_a4f:divider ; alt_u_div_a4f       ; work         ;
;       |lpm_divide:Div4|                   ; 56 (0)              ; 0 (0)                     ; 0           ; 0            ; 0       ; 0         ; 0    ; 0            ; |extre|index:inst|lpm_divide:Div4                                                                                 ; lpm_divide          ; work         ;
;          |lpm_divide_jhm:auto_generated|  ; 56 (0)              ; 0 (0)                     ; 0           ; 0            ; 0       ; 0         ; 0    ; 0            ; |extre|index:inst|lpm_divide:Div4|lpm_divide_jhm:auto_generated                                                   ; lpm_divide_jhm      ; work         ;
;             |sign_div_unsign_bkh:divider| ; 56 (0)              ; 0 (0)                     ; 0           ; 0            ; 0       ; 0         ; 0    ; 0            ; |extre|index:inst|lpm_divide:Div4|lpm_divide_jhm:auto_generated|sign_div_unsign_bkh:divider                       ; sign_div_unsign_bkh ; work         ;
;                |alt_u_div_a4f:divider|    ; 56 (56)             ; 0 (0)                     ; 0           ; 0            ; 0       ; 0         ; 0    ; 0            ; |extre|index:inst|lpm_divide:Div4|lpm_divide_jhm:auto_generated|sign_div_unsign_bkh:divider|alt_u_div_a4f:divider ; alt_u_div_a4f       ; work         ;
;       |lpm_divide:Div5|                   ; 56 (0)              ; 0 (0)                     ; 0           ; 0            ; 0       ; 0         ; 0    ; 0            ; |extre|index:inst|lpm_divide:Div5                                                                                 ; lpm_divide          ; work         ;
;          |lpm_divide_jhm:auto_generated|  ; 56 (0)              ; 0 (0)                     ; 0           ; 0            ; 0       ; 0         ; 0    ; 0            ; |extre|index:inst|lpm_divide:Div5|lpm_divide_jhm:auto_generated                                                   ; lpm_divide_jhm      ; work         ;
;             |sign_div_unsign_bkh:divider| ; 56 (0)              ; 0 (0)                     ; 0           ; 0            ; 0       ; 0         ; 0    ; 0            ; |extre|index:inst|lpm_divide:Div5|lpm_divide_jhm:auto_generated|sign_div_unsign_bkh:divider                       ; sign_div_unsign_bkh ; work         ;
;                |alt_u_div_a4f:divider|    ; 56 (56)             ; 0 (0)                     ; 0           ; 0            ; 0       ; 0         ; 0    ; 0            ; |extre|index:inst|lpm_divide:Div5|lpm_divide_jhm:auto_generated|sign_div_unsign_bkh:divider|alt_u_div_a4f:divider ; alt_u_div_a4f       ; work         ;
;       |lpm_divide:Div6|                   ; 56 (0)              ; 0 (0)                     ; 0           ; 0            ; 0       ; 0         ; 0    ; 0            ; |extre|index:inst|lpm_divide:Div6                                                                                 ; lpm_divide          ; work         ;
;          |lpm_divide_jhm:auto_generated|  ; 56 (0)              ; 0 (0)                     ; 0           ; 0            ; 0       ; 0         ; 0    ; 0            ; |extre|index:inst|lpm_divide:Div6|lpm_divide_jhm:auto_generated                                                   ; lpm_divide_jhm      ; work         ;
;             |sign_div_unsign_bkh:divider| ; 56 (0)              ; 0 (0)                     ; 0           ; 0            ; 0       ; 0         ; 0    ; 0            ; |extre|index:inst|lpm_divide:Div6|lpm_divide_jhm:auto_generated|sign_div_unsign_bkh:divider                       ; sign_div_unsign_bkh ; work         ;
;                |alt_u_div_a4f:divider|    ; 56 (56)             ; 0 (0)                     ; 0           ; 0            ; 0       ; 0         ; 0    ; 0            ; |extre|index:inst|lpm_divide:Div6|lpm_divide_jhm:auto_generated|sign_div_unsign_bkh:divider|alt_u_div_a4f:divider ; alt_u_div_a4f       ; work         ;
;       |lpm_divide:Mod0|                   ; 56 (0)              ; 0 (0)                     ; 0           ; 0            ; 0       ; 0         ; 0    ; 0            ; |extre|index:inst|lpm_divide:Mod0                                                                                 ; lpm_divide          ; work         ;
;          |lpm_divide_m9m:auto_generated|  ; 56 (0)              ; 0 (0)                     ; 0           ; 0            ; 0       ; 0         ; 0    ; 0            ; |extre|index:inst|lpm_divide:Mod0|lpm_divide_m9m:auto_generated                                                   ; lpm_divide_m9m      ; work         ;
;             |sign_div_unsign_bkh:divider| ; 56 (0)              ; 0 (0)                     ; 0           ; 0            ; 0       ; 0         ; 0    ; 0            ; |extre|index:inst|lpm_divide:Mod0|lpm_divide_m9m:auto_generated|sign_div_unsign_bkh:divider                       ; sign_div_unsign_bkh ; work         ;
;                |alt_u_div_a4f:divider|    ; 56 (56)             ; 0 (0)                     ; 0           ; 0            ; 0       ; 0         ; 0    ; 0            ; |extre|index:inst|lpm_divide:Mod0|lpm_divide_m9m:auto_generated|sign_div_unsign_bkh:divider|alt_u_div_a4f:divider ; alt_u_div_a4f       ; work         ;
;       |lpm_divide:Mod1|                   ; 56 (0)              ; 0 (0)                     ; 0           ; 0            ; 0       ; 0         ; 0    ; 0            ; |extre|index:inst|lpm_divide:Mod1                                                                                 ; lpm_divide          ; work         ;
;          |lpm_divide_m9m:auto_generated|  ; 56 (0)              ; 0 (0)                     ; 0           ; 0            ; 0       ; 0         ; 0    ; 0            ; |extre|index:inst|lpm_divide:Mod1|lpm_divide_m9m:auto_generated                                                   ; lpm_divide_m9m      ; work         ;
;             |sign_div_unsign_bkh:divider| ; 56 (0)              ; 0 (0)                     ; 0           ; 0            ; 0       ; 0         ; 0    ; 0            ; |extre|index:inst|lpm_divide:Mod1|lpm_divide_m9m:auto_generated|sign_div_unsign_bkh:divider                       ; sign_div_unsign_bkh ; work         ;
;                |alt_u_div_a4f:divider|    ; 56 (56)             ; 0 (0)                     ; 0           ; 0            ; 0       ; 0         ; 0    ; 0            ; |extre|index:inst|lpm_divide:Mod1|lpm_divide_m9m:auto_generated|sign_div_unsign_bkh:divider|alt_u_div_a4f:divider ; alt_u_div_a4f       ; work         ;
;       |lpm_divide:Mod2|                   ; 56 (0)              ; 0 (0)                     ; 0           ; 0            ; 0       ; 0         ; 0    ; 0            ; |extre|index:inst|lpm_divide:Mod2                                                                                 ; lpm_divide          ; work         ;
;          |lpm_divide_m9m:auto_generated|  ; 56 (0)              ; 0 (0)                     ; 0           ; 0            ; 0       ; 0         ; 0    ; 0            ; |extre|index:inst|lpm_divide:Mod2|lpm_divide_m9m:auto_generated                                                   ; lpm_divide_m9m      ; work         ;
;             |sign_div_unsign_bkh:divider| ; 56 (0)              ; 0 (0)                     ; 0           ; 0            ; 0       ; 0         ; 0    ; 0            ; |extre|index:inst|lpm_divide:Mod2|lpm_divide_m9m:auto_generated|sign_div_unsign_bkh:divider                       ; sign_div_unsign_bkh ; work         ;
;                |alt_u_div_a4f:divider|    ; 56 (56)             ; 0 (0)                     ; 0           ; 0            ; 0       ; 0         ; 0    ; 0            ; |extre|index:inst|lpm_divide:Mod2|lpm_divide_m9m:auto_generated|sign_div_unsign_bkh:divider|alt_u_div_a4f:divider ; alt_u_div_a4f       ; work         ;
;       |lpm_divide:Mod3|                   ; 56 (0)              ; 0 (0)                     ; 0           ; 0            ; 0       ; 0         ; 0    ; 0            ; |extre|index:inst|lpm_divide:Mod3                                                                                 ; lpm_divide          ; work         ;
;          |lpm_divide_m9m:auto_generated|  ; 56 (0)              ; 0 (0)                     ; 0           ; 0            ; 0       ; 0         ; 0    ; 0            ; |extre|index:inst|lpm_divide:Mod3|lpm_divide_m9m:auto_generated                                                   ; lpm_divide_m9m      ; work         ;
;             |sign_div_unsign_bkh:divider| ; 56 (0)              ; 0 (0)                     ; 0           ; 0            ; 0       ; 0         ; 0    ; 0            ; |extre|index:inst|lpm_divide:Mod3|lpm_divide_m9m:auto_generated|sign_div_unsign_bkh:divider                       ; sign_div_unsign_bkh ; work         ;
;                |alt_u_div_a4f:divider|    ; 56 (56)             ; 0 (0)                     ; 0           ; 0            ; 0       ; 0         ; 0    ; 0            ; |extre|index:inst|lpm_divide:Mod3|lpm_divide_m9m:auto_generated|sign_div_unsign_bkh:divider|alt_u_div_a4f:divider ; alt_u_div_a4f       ; work         ;
;       |lpm_divide:Mod4|                   ; 56 (0)              ; 0 (0)                     ; 0           ; 0            ; 0       ; 0         ; 0    ; 0            ; |extre|index:inst|lpm_divide:Mod4                                                                                 ; lpm_divide          ; work         ;
;          |lpm_divide_m9m:auto_generated|  ; 56 (0)              ; 0 (0)                     ; 0           ; 0            ; 0       ; 0         ; 0    ; 0            ; |extre|index:inst|lpm_divide:Mod4|lpm_divide_m9m:auto_generated                                                   ; lpm_divide_m9m      ; work         ;
;             |sign_div_unsign_bkh:divider| ; 56 (0)              ; 0 (0)                     ; 0           ; 0            ; 0       ; 0         ; 0    ; 0            ; |extre|index:inst|lpm_divide:Mod4|lpm_divide_m9m:auto_generated|sign_div_unsign_bkh:divider                       ; sign_div_unsign_bkh ; work         ;
;                |alt_u_div_a4f:divider|    ; 56 (56)             ; 0 (0)                     ; 0           ; 0            ; 0       ; 0         ; 0    ; 0            ; |extre|index:inst|lpm_divide:Mod4|lpm_divide_m9m:auto_generated|sign_div_unsign_bkh:divider|alt_u_div_a4f:divider ; alt_u_div_a4f       ; work         ;
;       |lpm_divide:Mod5|                   ; 56 (0)              ; 0 (0)                     ; 0           ; 0            ; 0       ; 0         ; 0    ; 0            ; |extre|index:inst|lpm_divide:Mod5                                                                                 ; lpm_divide          ; work         ;
;          |lpm_divide_m9m:auto_generated|  ; 56 (0)              ; 0 (0)                     ; 0           ; 0            ; 0       ; 0         ; 0    ; 0            ; |extre|index:inst|lpm_divide:Mod5|lpm_divide_m9m:auto_generated                                                   ; lpm_divide_m9m      ; work         ;
;             |sign_div_unsign_bkh:divider| ; 56 (0)              ; 0 (0)                     ; 0           ; 0            ; 0       ; 0         ; 0    ; 0            ; |extre|index:inst|lpm_divide:Mod5|lpm_divide_m9m:auto_generated|sign_div_unsign_bkh:divider                       ; sign_div_unsign_bkh ; work         ;
;                |alt_u_div_a4f:divider|    ; 56 (56)             ; 0 (0)                     ; 0           ; 0            ; 0       ; 0         ; 0    ; 0            ; |extre|index:inst|lpm_divide:Mod5|lpm_divide_m9m:auto_generated|sign_div_unsign_bkh:divider|alt_u_div_a4f:divider ; alt_u_div_a4f       ; work         ;
+-------------------------------------------+---------------------+---------------------------+-------------+--------------+---------+-----------+------+--------------+-------------------------------------------------------------------------------------------------------------------+---------------------+--------------+
Note: For table entries with two numbers listed, the numbers in parentheses indicate the number of resources of the given type used by the specific entity alone. The numbers listed outside of parentheses indicate the total resources of the given type used by the specific entity and all of its sub-entities in the hierarchy.


+------------------------------------------------------+
; General Register Statistics                          ;
+----------------------------------------------+-------+
; Statistic                                    ; Value ;
+----------------------------------------------+-------+
; Total registers                              ; 105   ;
; Number of registers using Synchronous Clear  ; 0     ;
; Number of registers using Synchronous Load   ; 0     ;
; Number of registers using Asynchronous Clear ; 48    ;
; Number of registers using Asynchronous Load  ; 0     ;
; Number of registers using Clock Enable       ; 25    ;
; Number of registers using Preset             ; 0     ;
+----------------------------------------------+-------+


+-------------------------------------------------------+
; Parameter Settings for User Entity Instance: fp:inst2 ;
+----------------+----------+---------------------------+
; Parameter Name ; Value    ; Type                      ;
+----------------+----------+---------------------------+
; N              ; 50000000 ; Signed Integer            ;
+----------------+----------+---------------------------+
Note: In order to hide this table in the UI and the text report file, please set the "Show Parameter Settings in Synthesis Report" option in "Analysis and Synthesis Settings -> More Settings" to "Off".


+-----------------------------------------------------------------------------+
; Parameter Settings for Inferred Entity Instance: index:inst|lpm_divide:Div6 ;
+------------------------+----------------+-----------------------------------+
; Parameter Name         ; Value          ; Type                              ;
+------------------------+----------------+-----------------------------------+
; LPM_WIDTHN             ; 8              ; Untyped                           ;
; LPM_WIDTHD             ; 4              ; Untyped                           ;
; LPM_NREPRESENTATION    ; UNSIGNED       ; Untyped                           ;
; LPM_DREPRESENTATION    ; UNSIGNED       ; Untyped                           ;
; LPM_PIPELINE           ; 0              ; Untyped                           ;
; LPM_REMAINDERPOSITIVE  ; TRUE           ; Untyped                           ;
; MAXIMIZE_SPEED         ; 5              ; Untyped                           ;
; CBXI_PARAMETER         ; lpm_divide_jhm ; Untyped                           ;
; CARRY_CHAIN            ; MANUAL         ; Untyped                           ;
; OPTIMIZE_FOR_SPEED     ; 5              ; Untyped                           ;
; AUTO_CARRY_CHAINS      ; ON             ; AUTO_CARRY                        ;
; IGNORE_CARRY_BUFFERS   ; OFF            ; IGNORE_CARRY                      ;
; AUTO_CASCADE_CHAINS    ; ON             ; AUTO_CASCADE                      ;
; IGNORE_CASCADE_BUFFERS ; OFF            ; IGNORE_CASCADE                    ;
+------------------------+----------------+-----------------------------------+
Note: In order to hide this table in the UI and the text report file, please set the "Show Parameter Settings in Synthesis Report" option in "Analysis and Synthesis Settings -> More Settings" to "Off".


+-----------------------------------------------------------------------------+
; Parameter Settings for Inferred Entity Instance: index:inst|lpm_divide:Div3 ;
+------------------------+----------------+-----------------------------------+
; Parameter Name         ; Value          ; Type                              ;
+------------------------+----------------+-----------------------------------+
; LPM_WIDTHN             ; 8              ; Untyped                           ;
; LPM_WIDTHD             ; 4              ; Untyped                           ;
; LPM_NREPRESENTATION    ; UNSIGNED       ; Untyped                           ;
; LPM_DREPRESENTATION    ; UNSIGNED       ; Untyped                           ;
; LPM_PIPELINE           ; 0              ; Untyped                           ;
; LPM_REMAINDERPOSITIVE  ; TRUE           ; Untyped                           ;
; MAXIMIZE_SPEED         ; 5              ; Untyped                           ;
; CBXI_PARAMETER         ; lpm_divide_jhm ; Untyped                           ;
; CARRY_CHAIN            ; MANUAL         ; Untyped                           ;
; OPTIMIZE_FOR_SPEED     ; 5              ; Untyped                           ;
; AUTO_CARRY_CHAINS      ; ON             ; AUTO_CARRY                        ;
; IGNORE_CARRY_BUFFERS   ; OFF            ; IGNORE_CARRY                      ;
; AUTO_CASCADE_CHAINS    ; ON             ; AUTO_CASCADE                      ;
; IGNORE_CASCADE_BUFFERS ; OFF            ; IGNORE_CASCADE                    ;
+------------------------+----------------+-----------------------------------+
Note: In order to hide this table in the UI and the text report file, please set the "Show Parameter Settings in Synthesis Report" option in "Analysis and Synthesis Settings -> More Settings" to "Off".


+-----------------------------------------------------------------------------+
; Parameter Settings for Inferred Entity Instance: index:inst|lpm_divide:Mod5 ;
+------------------------+----------------+-----------------------------------+
; Parameter Name         ; Value          ; Type                              ;
+------------------------+----------------+-----------------------------------+
; LPM_WIDTHN             ; 8              ; Untyped                           ;
; LPM_WIDTHD             ; 4              ; Untyped                           ;
; LPM_NREPRESENTATION    ; UNSIGNED       ; Untyped                           ;
; LPM_DREPRESENTATION    ; UNSIGNED       ; Untyped                           ;
; LPM_PIPELINE           ; 0              ; Untyped                           ;
; LPM_REMAINDERPOSITIVE  ; TRUE           ; Untyped                           ;
; MAXIMIZE_SPEED         ; 5              ; Untyped                           ;
; CBXI_PARAMETER         ; lpm_divide_m9m ; Untyped                           ;
; CARRY_CHAIN            ; MANUAL         ; Untyped                           ;
; OPTIMIZE_FOR_SPEED     ; 5              ; Untyped                           ;
; AUTO_CARRY_CHAINS      ; ON             ; AUTO_CARRY                        ;
; IGNORE_CARRY_BUFFERS   ; OFF            ; IGNORE_CARRY                      ;
; AUTO_CASCADE_CHAINS    ; ON             ; AUTO_CASCADE                      ;
; IGNORE_CASCADE_BUFFERS ; OFF            ; IGNORE_CASCADE                    ;
+------------------------+----------------+-----------------------------------+
Note: In order to hide this table in the UI and the text report file, please set the "Show Parameter Settings in Synthesis Report" option in "Analysis and Synthesis Settings -> More Settings" to "Off".


+-----------------------------------------------------------------------------+
; Parameter Settings for Inferred Entity Instance: index:inst|lpm_divide:Mod2 ;
+------------------------+----------------+-----------------------------------+
; Parameter Name         ; Value          ; Type                              ;
+------------------------+----------------+-----------------------------------+
; LPM_WIDTHN             ; 8              ; Untyped                           ;
; LPM_WIDTHD             ; 4              ; Untyped                           ;
; LPM_NREPRESENTATION    ; UNSIGNED       ; Untyped                           ;
; LPM_DREPRESENTATION    ; UNSIGNED       ; Untyped                           ;
; LPM_PIPELINE           ; 0              ; Untyped                           ;
; LPM_REMAINDERPOSITIVE  ; TRUE           ; Untyped                           ;
; MAXIMIZE_SPEED         ; 5              ; Untyped                           ;
; CBXI_PARAMETER         ; lpm_divide_m9m ; Untyped                           ;
; CARRY_CHAIN            ; MANUAL         ; Untyped                           ;
; OPTIMIZE_FOR_SPEED     ; 5              ; Untyped                           ;
; AUTO_CARRY_CHAINS      ; ON             ; AUTO_CARRY                        ;
; IGNORE_CARRY_BUFFERS   ; OFF            ; IGNORE_CARRY                      ;
; AUTO_CASCADE_CHAINS    ; ON             ; AUTO_CASCADE                      ;
; IGNORE_CASCADE_BUFFERS ; OFF            ; IGNORE_CASCADE                    ;
+------------------------+----------------+-----------------------------------+
Note: In order to hide this table in the UI and the text report file, please set the "Show Parameter Settings in Synthesis Report" option in "Analysis and Synthesis Settings -> More Settings" to "Off".


+-----------------------------------------------------------------------------+
; Parameter Settings for Inferred Entity Instance: index:inst|lpm_divide:Div5 ;
+------------------------+----------------+-----------------------------------+
; Parameter Name         ; Value          ; Type                              ;
+------------------------+----------------+-----------------------------------+
; LPM_WIDTHN             ; 8              ; Untyped                           ;
; LPM_WIDTHD             ; 4              ; Untyped                           ;
; LPM_NREPRESENTATION    ; UNSIGNED       ; Untyped                           ;
; LPM_DREPRESENTATION    ; UNSIGNED       ; Untyped                           ;
; LPM_PIPELINE           ; 0              ; Untyped                           ;
; LPM_REMAINDERPOSITIVE  ; TRUE           ; Untyped                           ;
; MAXIMIZE_SPEED         ; 5              ; Untyped                           ;
; CBXI_PARAMETER         ; lpm_divide_jhm ; Untyped                           ;
; CARRY_CHAIN            ; MANUAL         ; Untyped                           ;
; OPTIMIZE_FOR_SPEED     ; 5              ; Untyped                           ;
; AUTO_CARRY_CHAINS      ; ON             ; AUTO_CARRY                        ;
; IGNORE_CARRY_BUFFERS   ; OFF            ; IGNORE_CARRY                      ;
; AUTO_CASCADE_CHAINS    ; ON             ; AUTO_CASCADE                      ;
; IGNORE_CASCADE_BUFFERS ; OFF            ; IGNORE_CASCADE                    ;
+------------------------+----------------+-----------------------------------+
Note: In order to hide this table in the UI and the text report file, please set the "Show Parameter Settings in Synthesis Report" option in "Analysis and Synthesis Settings -> More Settings" to "Off".


+-----------------------------------------------------------------------------+
; Parameter Settings for Inferred Entity Instance: index:inst|lpm_divide:Div2 ;
+------------------------+----------------+-----------------------------------+
; Parameter Name         ; Value          ; Type                              ;
+------------------------+----------------+-----------------------------------+
; LPM_WIDTHN             ; 8              ; Untyped                           ;
; LPM_WIDTHD             ; 4              ; Untyped                           ;
; LPM_NREPRESENTATION    ; UNSIGNED       ; Untyped                           ;
; LPM_DREPRESENTATION    ; UNSIGNED       ; Untyped                           ;
; LPM_PIPELINE           ; 0              ; Untyped                           ;
; LPM_REMAINDERPOSITIVE  ; TRUE           ; Untyped                           ;
; MAXIMIZE_SPEED         ; 5              ; Untyped                           ;
; CBXI_PARAMETER         ; lpm_divide_jhm ; Untyped                           ;
; CARRY_CHAIN            ; MANUAL         ; Untyped                           ;
; OPTIMIZE_FOR_SPEED     ; 5              ; Untyped                           ;
; AUTO_CARRY_CHAINS      ; ON             ; AUTO_CARRY                        ;
; IGNORE_CARRY_BUFFERS   ; OFF            ; IGNORE_CARRY                      ;
; AUTO_CASCADE_CHAINS    ; ON             ; AUTO_CASCADE                      ;
; IGNORE_CASCADE_BUFFERS ; OFF            ; IGNORE_CASCADE                    ;
+------------------------+----------------+-----------------------------------+
Note: In order to hide this table in the UI and the text report file, please set the "Show Parameter Settings in Synthesis Report" option in "Analysis and Synthesis Settings -> More Settings" to "Off".


+-----------------------------------------------------------------------------+
; Parameter Settings for Inferred Entity Instance: index:inst|lpm_divide:Mod4 ;
+------------------------+----------------+-----------------------------------+
; Parameter Name         ; Value          ; Type                              ;
+------------------------+----------------+-----------------------------------+
; LPM_WIDTHN             ; 8              ; Untyped                           ;
; LPM_WIDTHD             ; 4              ; Untyped                           ;
; LPM_NREPRESENTATION    ; UNSIGNED       ; Untyped                           ;
; LPM_DREPRESENTATION    ; UNSIGNED       ; Untyped                           ;
; LPM_PIPELINE           ; 0              ; Untyped                           ;
; LPM_REMAINDERPOSITIVE  ; TRUE           ; Untyped                           ;
; MAXIMIZE_SPEED         ; 5              ; Untyped                           ;
; CBXI_PARAMETER         ; lpm_divide_m9m ; Untyped                           ;
; CARRY_CHAIN            ; MANUAL         ; Untyped                           ;
; OPTIMIZE_FOR_SPEED     ; 5              ; Untyped                           ;
; AUTO_CARRY_CHAINS      ; ON             ; AUTO_CARRY                        ;
; IGNORE_CARRY_BUFFERS   ; OFF            ; IGNORE_CARRY                      ;
; AUTO_CASCADE_CHAINS    ; ON             ; AUTO_CASCADE                      ;
; IGNORE_CASCADE_BUFFERS ; OFF            ; IGNORE_CASCADE                    ;
+------------------------+----------------+-----------------------------------+
Note: In order to hide this table in the UI and the text report file, please set the "Show Parameter Settings in Synthesis Report" option in "Analysis and Synthesis Settings -> More Settings" to "Off".


+-----------------------------------------------------------------------------+
; Parameter Settings for Inferred Entity Instance: index:inst|lpm_divide:Mod1 ;
+------------------------+----------------+-----------------------------------+
; Parameter Name         ; Value          ; Type                              ;
+------------------------+----------------+-----------------------------------+
; LPM_WIDTHN             ; 8              ; Untyped                           ;
; LPM_WIDTHD             ; 4              ; Untyped                           ;
; LPM_NREPRESENTATION    ; UNSIGNED       ; Untyped                           ;
; LPM_DREPRESENTATION    ; UNSIGNED       ; Untyped                           ;
; LPM_PIPELINE           ; 0              ; Untyped                           ;
; LPM_REMAINDERPOSITIVE  ; TRUE           ; Untyped                           ;
; MAXIMIZE_SPEED         ; 5              ; Untyped                           ;
; CBXI_PARAMETER         ; lpm_divide_m9m ; Untyped                           ;
; CARRY_CHAIN            ; MANUAL         ; Untyped                           ;
; OPTIMIZE_FOR_SPEED     ; 5              ; Untyped                           ;
; AUTO_CARRY_CHAINS      ; ON             ; AUTO_CARRY                        ;
; IGNORE_CARRY_BUFFERS   ; OFF            ; IGNORE_CARRY                      ;
; AUTO_CASCADE_CHAINS    ; ON             ; AUTO_CASCADE                      ;
; IGNORE_CASCADE_BUFFERS ; OFF            ; IGNORE_CASCADE                    ;
+------------------------+----------------+-----------------------------------+
Note: In order to hide this table in the UI and the text report file, please set the "Show Parameter Settings in Synthesis Report" option in "Analysis and Synthesis Settings -> More Settings" to "Off".


+-----------------------------------------------------------------------------+
; Parameter Settings for Inferred Entity Instance: index:inst|lpm_divide:Mod3 ;
+------------------------+----------------+-----------------------------------+
; Parameter Name         ; Value          ; Type                              ;
+------------------------+----------------+-----------------------------------+
; LPM_WIDTHN             ; 8              ; Untyped                           ;
; LPM_WIDTHD             ; 4              ; Untyped                           ;
; LPM_NREPRESENTATION    ; UNSIGNED       ; Untyped                           ;
; LPM_DREPRESENTATION    ; UNSIGNED       ; Untyped                           ;
; LPM_PIPELINE           ; 0              ; Untyped                           ;
; LPM_REMAINDERPOSITIVE  ; TRUE           ; Untyped                           ;
; MAXIMIZE_SPEED         ; 5              ; Untyped                           ;
; CBXI_PARAMETER         ; lpm_divide_m9m ; Untyped                           ;
; CARRY_CHAIN            ; MANUAL         ; Untyped                           ;
; OPTIMIZE_FOR_SPEED     ; 5              ; Untyped                           ;
; AUTO_CARRY_CHAINS      ; ON             ; AUTO_CARRY                        ;
; IGNORE_CARRY_BUFFERS   ; OFF            ; IGNORE_CARRY                      ;
; AUTO_CASCADE_CHAINS    ; ON             ; AUTO_CASCADE                      ;
; IGNORE_CASCADE_BUFFERS ; OFF            ; IGNORE_CASCADE                    ;
+------------------------+----------------+-----------------------------------+
Note: In order to hide this table in the UI and the text report file, please set the "Show Parameter Settings in Synthesis Report" option in "Analysis and Synthesis Settings -> More Settings" to "Off".


+-----------------------------------------------------------------------------+
; Parameter Settings for Inferred Entity Instance: index:inst|lpm_divide:Mod0 ;
+------------------------+----------------+-----------------------------------+
; Parameter Name         ; Value          ; Type                              ;
+------------------------+----------------+-----------------------------------+
; LPM_WIDTHN             ; 8              ; Untyped                           ;
; LPM_WIDTHD             ; 4              ; Untyped                           ;
; LPM_NREPRESENTATION    ; UNSIGNED       ; Untyped                           ;
; LPM_DREPRESENTATION    ; UNSIGNED       ; Untyped                           ;
; LPM_PIPELINE           ; 0              ; Untyped                           ;
; LPM_REMAINDERPOSITIVE  ; TRUE           ; Untyped                           ;
; MAXIMIZE_SPEED         ; 5              ; Untyped                           ;
; CBXI_PARAMETER         ; lpm_divide_m9m ; Untyped                           ;
; CARRY_CHAIN            ; MANUAL         ; Untyped                           ;
; OPTIMIZE_FOR_SPEED     ; 5              ; Untyped                           ;
; AUTO_CARRY_CHAINS      ; ON             ; AUTO_CARRY                        ;
; IGNORE_CARRY_BUFFERS   ; OFF            ; IGNORE_CARRY                      ;
; AUTO_CASCADE_CHAINS    ; ON             ; AUTO_CASCADE                      ;
; IGNORE_CASCADE_BUFFERS ; OFF            ; IGNORE_CASCADE                    ;
+------------------------+----------------+-----------------------------------+
Note: In order to hide this table in the UI and the text report file, please set the "Show Parameter Settings in Synthesis Report" option in "Analysis and Synthesis Settings -> More Settings" to "Off".


+-----------------------------------------------------------------------------+
; Parameter Settings for Inferred Entity Instance: index:inst|lpm_divide:Div4 ;
+------------------------+----------------+-----------------------------------+
; Parameter Name         ; Value          ; Type                              ;
+------------------------+----------------+-----------------------------------+
; LPM_WIDTHN             ; 8              ; Untyped                           ;
; LPM_WIDTHD             ; 4              ; Untyped                           ;
; LPM_NREPRESENTATION    ; UNSIGNED       ; Untyped                           ;
; LPM_DREPRESENTATION    ; UNSIGNED       ; Untyped                           ;
; LPM_PIPELINE           ; 0              ; Untyped                           ;
; LPM_REMAINDERPOSITIVE  ; TRUE           ; Untyped                           ;
; MAXIMIZE_SPEED         ; 5              ; Untyped                           ;
; CBXI_PARAMETER         ; lpm_divide_jhm ; Untyped                           ;
; CARRY_CHAIN            ; MANUAL         ; Untyped                           ;
; OPTIMIZE_FOR_SPEED     ; 5              ; Untyped                           ;
; AUTO_CARRY_CHAINS      ; ON             ; AUTO_CARRY                        ;
; IGNORE_CARRY_BUFFERS   ; OFF            ; IGNORE_CARRY                      ;
; AUTO_CASCADE_CHAINS    ; ON             ; AUTO_CASCADE                      ;
; IGNORE_CASCADE_BUFFERS ; OFF            ; IGNORE_CASCADE                    ;
+------------------------+----------------+-----------------------------------+
Note: In order to hide this table in the UI and the text report file, please set the "Show Parameter Settings in Synthesis Report" option in "Analysis and Synthesis Settings -> More Settings" to "Off".


+-----------------------------------------------------------------------------+
; Parameter Settings for Inferred Entity Instance: index:inst|lpm_divide:Div1 ;
+------------------------+----------------+-----------------------------------+
; Parameter Name         ; Value          ; Type                              ;
+------------------------+----------------+-----------------------------------+
; LPM_WIDTHN             ; 8              ; Untyped                           ;
; LPM_WIDTHD             ; 4              ; Untyped                           ;
; LPM_NREPRESENTATION    ; UNSIGNED       ; Untyped                           ;
; LPM_DREPRESENTATION    ; UNSIGNED       ; Untyped                           ;
; LPM_PIPELINE           ; 0              ; Untyped                           ;
; LPM_REMAINDERPOSITIVE  ; TRUE           ; Untyped                           ;
; MAXIMIZE_SPEED         ; 5              ; Untyped                           ;
; CBXI_PARAMETER         ; lpm_divide_jhm ; Untyped                           ;
; CARRY_CHAIN            ; MANUAL         ; Untyped                           ;
; OPTIMIZE_FOR_SPEED     ; 5              ; Untyped                           ;
; AUTO_CARRY_CHAINS      ; ON             ; AUTO_CARRY                        ;
; IGNORE_CARRY_BUFFERS   ; OFF            ; IGNORE_CARRY                      ;
; AUTO_CASCADE_CHAINS    ; ON             ; AUTO_CASCADE                      ;
; IGNORE_CASCADE_BUFFERS ; OFF            ; IGNORE_CASCADE                    ;
+------------------------+----------------+-----------------------------------+
Note: In order to hide this table in the UI and the text report file, please set the "Show Parameter Settings in Synthesis Report" option in "Analysis and Synthesis Settings -> More Settings" to "Off".


+-----------------------------------------------------+
; Post-Synthesis Netlist Statistics for Top Partition ;
+-----------------------+-----------------------------+
; Type                  ; Count                       ;
+-----------------------+-----------------------------+
; boundary_port         ; 56                          ;
; cycloneiii_ff         ; 105                         ;
;     CLR               ; 48                          ;
;     ENA               ; 25                          ;
;     plain             ; 32                          ;
; cycloneiii_lcell_comb ; 1166                        ;
;     arith             ; 349                         ;
;         2 data inputs ; 127                         ;
;         3 data inputs ; 222                         ;
;     normal            ; 817                         ;
;         0 data inputs ; 60                          ;
;         1 data inputs ; 26                          ;
;         2 data inputs ; 428                         ;
;         3 data inputs ; 78                          ;
;         4 data inputs ; 225                         ;
;                       ;                             ;
; Max LUT depth         ; 38.40                       ;
; Average LUT depth     ; 21.89                       ;
+-----------------------+-----------------------------+


+-------------------------------+
; Elapsed Time Per Partition    ;
+----------------+--------------+
; Partition Name ; Elapsed Time ;
+----------------+--------------+
; Top            ; 00:00:02     ;
+----------------+--------------+


+-------------------------------+
; Analysis & Synthesis Messages ;
+-------------------------------+
Info: *******************************************************************
Info: Running Quartus Prime Analysis & Synthesis
    Info: Version 18.0.0 Build 614 04/24/2018 SJ Lite Edition
    Info: Processing started: Thu Jun 21 20:37:39 2018
Info: Command: quartus_map --read_settings_files=on --write_settings_files=off extre -c extre
Warning (18236): Number of processors has not been specified which may cause overloading on shared machines.  Set the global assignment NUM_PARALLEL_PROCESSORS in your QSF to an appropriate value for best performance.
Info (20030): Parallel compilation is enabled and will use 4 of the 4 processors detected
Info (12021): Found 1 design units, including 1 entities, in source file index.v
    Info (12023): Found entity 1: index File: C:/Users/liliangbin/Desktop/eda/ex/index.v Line: 1
Info (12021): Found 1 design units, including 1 entities, in source file dec7s.v
    Info (12023): Found entity 1: Dec7s File: C:/Users/liliangbin/Desktop/eda/ex/Dec7s.v Line: 1
Info (12021): Found 1 design units, including 1 entities, in source file fp.v
    Info (12023): Found entity 1: fp File: C:/Users/liliangbin/Desktop/eda/ex/fp.v Line: 1
Info (12021): Found 1 design units, including 1 entities, in source file extre.bdf
    Info (12023): Found entity 1: extre
Warning (10227): Verilog HDL Port Declaration warning at index.v(4): data type declaration for "hex0" declares packed dimensions but the port declaration declaration does not File: C:/Users/liliangbin/Desktop/eda/ex/index.v Line: 4
Info (10499): HDL info at index.v(3): see declaration for object "hex0" File: C:/Users/liliangbin/Desktop/eda/ex/index.v Line: 3
Warning (10227): Verilog HDL Port Declaration warning at index.v(4): data type declaration for "hex1" declares packed dimensions but the port declaration declaration does not File: C:/Users/liliangbin/Desktop/eda/ex/index.v Line: 4
Info (10499): HDL info at index.v(3): see declaration for object "hex1" File: C:/Users/liliangbin/Desktop/eda/ex/index.v Line: 3
Warning (10227): Verilog HDL Port Declaration warning at index.v(4): data type declaration for "hex2" declares packed dimensions but the port declaration declaration does not File: C:/Users/liliangbin/Desktop/eda/ex/index.v Line: 4
Info (10499): HDL info at index.v(3): see declaration for object "hex2" File: C:/Users/liliangbin/Desktop/eda/ex/index.v Line: 3
Warning (10227): Verilog HDL Port Declaration warning at index.v(4): data type declaration for "hex3" declares packed dimensions but the port declaration declaration does not File: C:/Users/liliangbin/Desktop/eda/ex/index.v Line: 4
Info (10499): HDL info at index.v(3): see declaration for object "hex3" File: C:/Users/liliangbin/Desktop/eda/ex/index.v Line: 3
Warning (10227): Verilog HDL Port Declaration warning at index.v(4): data type declaration for "hex4" declares packed dimensions but the port declaration declaration does not File: C:/Users/liliangbin/Desktop/eda/ex/index.v Line: 4
Info (10499): HDL info at index.v(3): see declaration for object "hex4" File: C:/Users/liliangbin/Desktop/eda/ex/index.v Line: 3
Warning (10227): Verilog HDL Port Declaration warning at index.v(4): data type declaration for "hex5" declares packed dimensions but the port declaration declaration does not File: C:/Users/liliangbin/Desktop/eda/ex/index.v Line: 4
Info (10499): HDL info at index.v(3): see declaration for object "hex5" File: C:/Users/liliangbin/Desktop/eda/ex/index.v Line: 3
Info (12127): Elaborating entity "extre" for the top level hierarchy
Info (12128): Elaborating entity "index" for hierarchy "index:inst"
Warning (10230): Verilog HDL assignment warning at index.v(35): truncated value with size 32 to match size of target (8) File: C:/Users/liliangbin/Desktop/eda/ex/index.v Line: 35
Warning (10230): Verilog HDL assignment warning at index.v(41): truncated value with size 32 to match size of target (8) File: C:/Users/liliangbin/Desktop/eda/ex/index.v Line: 41
Warning (10230): Verilog HDL assignment warning at index.v(47): truncated value with size 32 to match size of target (8) File: C:/Users/liliangbin/Desktop/eda/ex/index.v Line: 47
Warning (10230): Verilog HDL assignment warning at index.v(53): truncated value with size 32 to match size of target (8) File: C:/Users/liliangbin/Desktop/eda/ex/index.v Line: 53
Warning (10230): Verilog HDL assignment warning at index.v(84): truncated value with size 32 to match size of target (8) File: C:/Users/liliangbin/Desktop/eda/ex/index.v Line: 84
Warning (10230): Verilog HDL assignment warning at index.v(93): truncated value with size 32 to match size of target (8) File: C:/Users/liliangbin/Desktop/eda/ex/index.v Line: 93
Warning (10230): Verilog HDL assignment warning at index.v(100): truncated value with size 32 to match size of target (8) File: C:/Users/liliangbin/Desktop/eda/ex/index.v Line: 100
Warning (10230): Verilog HDL assignment warning at index.v(111): truncated value with size 32 to match size of target (8) File: C:/Users/liliangbin/Desktop/eda/ex/index.v Line: 111
Warning (10230): Verilog HDL assignment warning at index.v(116): truncated value with size 32 to match size of target (8) File: C:/Users/liliangbin/Desktop/eda/ex/index.v Line: 116
Warning (10230): Verilog HDL assignment warning at index.v(125): truncated value with size 32 to match size of target (8) File: C:/Users/liliangbin/Desktop/eda/ex/index.v Line: 125
Warning (10230): Verilog HDL assignment warning at index.v(130): truncated value with size 32 to match size of target (8) File: C:/Users/liliangbin/Desktop/eda/ex/index.v Line: 130
Warning (10230): Verilog HDL assignment warning at index.v(138): truncated value with size 32 to match size of target (8) File: C:/Users/liliangbin/Desktop/eda/ex/index.v Line: 138
Warning (10230): Verilog HDL assignment warning at index.v(142): truncated value with size 32 to match size of target (8) File: C:/Users/liliangbin/Desktop/eda/ex/index.v Line: 142
Warning (10230): Verilog HDL assignment warning at index.v(151): truncated value with size 32 to match size of target (4) File: C:/Users/liliangbin/Desktop/eda/ex/index.v Line: 151
Warning (10230): Verilog HDL assignment warning at index.v(152): truncated value with size 32 to match size of target (4) File: C:/Users/liliangbin/Desktop/eda/ex/index.v Line: 152
Warning (10230): Verilog HDL assignment warning at index.v(153): truncated value with size 32 to match size of target (4) File: C:/Users/liliangbin/Desktop/eda/ex/index.v Line: 153
Warning (10230): Verilog HDL assignment warning at index.v(154): truncated value with size 32 to match size of target (4) File: C:/Users/liliangbin/Desktop/eda/ex/index.v Line: 154
Warning (10230): Verilog HDL assignment warning at index.v(155): truncated value with size 32 to match size of target (4) File: C:/Users/liliangbin/Desktop/eda/ex/index.v Line: 155
Warning (10230): Verilog HDL assignment warning at index.v(156): truncated value with size 32 to match size of target (4) File: C:/Users/liliangbin/Desktop/eda/ex/index.v Line: 156
Warning (10230): Verilog HDL assignment warning at index.v(160): truncated value with size 32 to match size of target (4) File: C:/Users/liliangbin/Desktop/eda/ex/index.v Line: 160
Warning (10230): Verilog HDL assignment warning at index.v(161): truncated value with size 32 to match size of target (4) File: C:/Users/liliangbin/Desktop/eda/ex/index.v Line: 161
Warning (10230): Verilog HDL assignment warning at index.v(162): truncated value with size 32 to match size of target (4) File: C:/Users/liliangbin/Desktop/eda/ex/index.v Line: 162
Warning (10230): Verilog HDL assignment warning at index.v(163): truncated value with size 32 to match size of target (4) File: C:/Users/liliangbin/Desktop/eda/ex/index.v Line: 163
Warning (10230): Verilog HDL assignment warning at index.v(164): truncated value with size 32 to match size of target (4) File: C:/Users/liliangbin/Desktop/eda/ex/index.v Line: 164
Warning (10230): Verilog HDL assignment warning at index.v(165): truncated value with size 32 to match size of target (4) File: C:/Users/liliangbin/Desktop/eda/ex/index.v Line: 165
Info (12128): Elaborating entity "fp" for hierarchy "fp:inst2"
Warning (10230): Verilog HDL assignment warning at fp.v(9): truncated value with size 32 to match size of target (31) File: C:/Users/liliangbin/Desktop/eda/ex/fp.v Line: 9
Info (12128): Elaborating entity "Dec7s" for hierarchy "Dec7s:inst7"
Info (278001): Inferred 12 megafunctions from design logic
    Info (278004): Inferred divider/modulo megafunction ("lpm_divide") from the following logic: "index:inst|Div6" File: C:/Users/liliangbin/Desktop/eda/ex/index.v Line: 165
    Info (278004): Inferred divider/modulo megafunction ("lpm_divide") from the following logic: "index:inst|Div3" File: C:/Users/liliangbin/Desktop/eda/ex/index.v Line: 156
    Info (278004): Inferred divider/modulo megafunction ("lpm_divide") from the following logic: "index:inst|Mod5" File: C:/Users/liliangbin/Desktop/eda/ex/index.v Line: 164
    Info (278004): Inferred divider/modulo megafunction ("lpm_divide") from the following logic: "index:inst|Mod2" File: C:/Users/liliangbin/Desktop/eda/ex/index.v Line: 155
    Info (278004): Inferred divider/modulo megafunction ("lpm_divide") from the following logic: "index:inst|Div5" File: C:/Users/liliangbin/Desktop/eda/ex/index.v Line: 163
    Info (278004): Inferred divider/modulo megafunction ("lpm_divide") from the following logic: "index:inst|Div2" File: C:/Users/liliangbin/Desktop/eda/ex/index.v Line: 154
    Info (278004): Inferred divider/modulo megafunction ("lpm_divide") from the following logic: "index:inst|Mod4" File: C:/Users/liliangbin/Desktop/eda/ex/index.v Line: 162
    Info (278004): Inferred divider/modulo megafunction ("lpm_divide") from the following logic: "index:inst|Mod1" File: C:/Users/liliangbin/Desktop/eda/ex/index.v Line: 153
    Info (278004): Inferred divider/modulo megafunction ("lpm_divide") from the following logic: "index:inst|Mod3" File: C:/Users/liliangbin/Desktop/eda/ex/index.v Line: 160
    Info (278004): Inferred divider/modulo megafunction ("lpm_divide") from the following logic: "index:inst|Mod0" File: C:/Users/liliangbin/Desktop/eda/ex/index.v Line: 151
    Info (278004): Inferred divider/modulo megafunction ("lpm_divide") from the following logic: "index:inst|Div4" File: C:/Users/liliangbin/Desktop/eda/ex/index.v Line: 161
    Info (278004): Inferred divider/modulo megafunction ("lpm_divide") from the following logic: "index:inst|Div1" File: C:/Users/liliangbin/Desktop/eda/ex/index.v Line: 152
Info (12130): Elaborated megafunction instantiation "index:inst|lpm_divide:Div6" File: C:/Users/liliangbin/Desktop/eda/ex/index.v Line: 165
Info (12133): Instantiated megafunction "index:inst|lpm_divide:Div6" with the following parameter: File: C:/Users/liliangbin/Desktop/eda/ex/index.v Line: 165
    Info (12134): Parameter "LPM_WIDTHN" = "8"
    Info (12134): Parameter "LPM_WIDTHD" = "4"
    Info (12134): Parameter "LPM_NREPRESENTATION" = "UNSIGNED"
    Info (12134): Parameter "LPM_DREPRESENTATION" = "UNSIGNED"
Info (12021): Found 1 design units, including 1 entities, in source file db/lpm_divide_jhm.tdf
    Info (12023): Found entity 1: lpm_divide_jhm File: C:/Users/liliangbin/Desktop/eda/ex/db/lpm_divide_jhm.tdf Line: 24
Info (12021): Found 1 design units, including 1 entities, in source file db/sign_div_unsign_bkh.tdf
    Info (12023): Found entity 1: sign_div_unsign_bkh File: C:/Users/liliangbin/Desktop/eda/ex/db/sign_div_unsign_bkh.tdf Line: 24
Info (12021): Found 1 design units, including 1 entities, in source file db/alt_u_div_a4f.tdf
    Info (12023): Found entity 1: alt_u_div_a4f File: C:/Users/liliangbin/Desktop/eda/ex/db/alt_u_div_a4f.tdf Line: 26
Info (12021): Found 1 design units, including 1 entities, in source file db/add_sub_7pc.tdf
    Info (12023): Found entity 1: add_sub_7pc File: C:/Users/liliangbin/Desktop/eda/ex/db/add_sub_7pc.tdf Line: 22
Info (12021): Found 1 design units, including 1 entities, in source file db/add_sub_8pc.tdf
    Info (12023): Found entity 1: add_sub_8pc File: C:/Users/liliangbin/Desktop/eda/ex/db/add_sub_8pc.tdf Line: 22
Info (12130): Elaborated megafunction instantiation "index:inst|lpm_divide:Mod5" File: C:/Users/liliangbin/Desktop/eda/ex/index.v Line: 164
Info (12133): Instantiated megafunction "index:inst|lpm_divide:Mod5" with the following parameter: File: C:/Users/liliangbin/Desktop/eda/ex/index.v Line: 164
    Info (12134): Parameter "LPM_WIDTHN" = "8"
    Info (12134): Parameter "LPM_WIDTHD" = "4"
    Info (12134): Parameter "LPM_NREPRESENTATION" = "UNSIGNED"
    Info (12134): Parameter "LPM_DREPRESENTATION" = "UNSIGNED"
Info (12021): Found 1 design units, including 1 entities, in source file db/lpm_divide_m9m.tdf
    Info (12023): Found entity 1: lpm_divide_m9m File: C:/Users/liliangbin/Desktop/eda/ex/db/lpm_divide_m9m.tdf Line: 24
Warning (13004): Presettable and clearable registers converted to equivalent circuits with latches. Registers power-up to an undefined state, and DEVCLRn places the registers in an undefined state.
    Warning (13310): Register "index:inst|second[0]" is converted into an equivalent circuit using register "index:inst|second[0]~_emulated" and latch "index:inst|second[0]~1" File: C:/Users/liliangbin/Desktop/eda/ex/index.v Line: 33
    Warning (13310): Register "index:inst|second[1]" is converted into an equivalent circuit using register "index:inst|second[1]~_emulated" and latch "index:inst|second[1]~5" File: C:/Users/liliangbin/Desktop/eda/ex/index.v Line: 33
    Warning (13310): Register "index:inst|second[2]" is converted into an equivalent circuit using register "index:inst|second[2]~_emulated" and latch "index:inst|second[2]~9" File: C:/Users/liliangbin/Desktop/eda/ex/index.v Line: 33
    Warning (13310): Register "index:inst|second[3]" is converted into an equivalent circuit using register "index:inst|second[3]~_emulated" and latch "index:inst|second[3]~13" File: C:/Users/liliangbin/Desktop/eda/ex/index.v Line: 33
    Warning (13310): Register "index:inst|second[4]" is converted into an equivalent circuit using register "index:inst|second[4]~_emulated" and latch "index:inst|second[4]~17" File: C:/Users/liliangbin/Desktop/eda/ex/index.v Line: 33
    Warning (13310): Register "index:inst|second[5]" is converted into an equivalent circuit using register "index:inst|second[5]~_emulated" and latch "index:inst|second[5]~21" File: C:/Users/liliangbin/Desktop/eda/ex/index.v Line: 33
    Warning (13310): Register "index:inst|second[6]" is converted into an equivalent circuit using register "index:inst|second[6]~_emulated" and latch "index:inst|second[6]~25" File: C:/Users/liliangbin/Desktop/eda/ex/index.v Line: 33
    Warning (13310): Register "index:inst|second[7]" is converted into an equivalent circuit using register "index:inst|second[7]~_emulated" and latch "index:inst|second[7]~29" File: C:/Users/liliangbin/Desktop/eda/ex/index.v Line: 33
    Warning (13310): Register "index:inst|hour[0]" is converted into an equivalent circuit using register "index:inst|hour[0]~_emulated" and latch "index:inst|hour[0]~1" File: C:/Users/liliangbin/Desktop/eda/ex/index.v Line: 33
    Warning (13310): Register "index:inst|minutes[0]" is converted into an equivalent circuit using register "index:inst|minutes[0]~_emulated" and latch "index:inst|minutes[0]~1" File: C:/Users/liliangbin/Desktop/eda/ex/index.v Line: 33
    Warning (13310): Register "index:inst|minutes[1]" is converted into an equivalent circuit using register "index:inst|minutes[1]~_emulated" and latch "index:inst|minutes[1]~5" File: C:/Users/liliangbin/Desktop/eda/ex/index.v Line: 33
    Warning (13310): Register "index:inst|minutes[2]" is converted into an equivalent circuit using register "index:inst|minutes[2]~_emulated" and latch "index:inst|minutes[2]~9" File: C:/Users/liliangbin/Desktop/eda/ex/index.v Line: 33
    Warning (13310): Register "index:inst|minutes[3]" is converted into an equivalent circuit using register "index:inst|minutes[3]~_emulated" and latch "index:inst|minutes[3]~13" File: C:/Users/liliangbin/Desktop/eda/ex/index.v Line: 33
    Warning (13310): Register "index:inst|minutes[4]" is converted into an equivalent circuit using register "index:inst|minutes[4]~_emulated" and latch "index:inst|minutes[4]~17" File: C:/Users/liliangbin/Desktop/eda/ex/index.v Line: 33
    Warning (13310): Register "index:inst|minutes[5]" is converted into an equivalent circuit using register "index:inst|minutes[5]~_emulated" and latch "index:inst|minutes[5]~21" File: C:/Users/liliangbin/Desktop/eda/ex/index.v Line: 33
    Warning (13310): Register "index:inst|minutes[6]" is converted into an equivalent circuit using register "index:inst|minutes[6]~_emulated" and latch "index:inst|minutes[6]~25" File: C:/Users/liliangbin/Desktop/eda/ex/index.v Line: 33
    Warning (13310): Register "index:inst|minutes[7]" is converted into an equivalent circuit using register "index:inst|minutes[7]~_emulated" and latch "index:inst|minutes[7]~29" File: C:/Users/liliangbin/Desktop/eda/ex/index.v Line: 33
    Warning (13310): Register "index:inst|hour[1]" is converted into an equivalent circuit using register "index:inst|hour[1]~_emulated" and latch "index:inst|hour[1]~5" File: C:/Users/liliangbin/Desktop/eda/ex/index.v Line: 33
    Warning (13310): Register "index:inst|hour[2]" is converted into an equivalent circuit using register "index:inst|hour[2]~_emulated" and latch "index:inst|hour[2]~9" File: C:/Users/liliangbin/Desktop/eda/ex/index.v Line: 33
    Warning (13310): Register "index:inst|hour[3]" is converted into an equivalent circuit using register "index:inst|hour[3]~_emulated" and latch "index:inst|hour[3]~13" File: C:/Users/liliangbin/Desktop/eda/ex/index.v Line: 33
    Warning (13310): Register "index:inst|hour[4]" is converted into an equivalent circuit using register "index:inst|hour[4]~_emulated" and latch "index:inst|hour[4]~17" File: C:/Users/liliangbin/Desktop/eda/ex/index.v Line: 33
    Warning (13310): Register "index:inst|hour[5]" is converted into an equivalent circuit using register "index:inst|hour[5]~_emulated" and latch "index:inst|hour[5]~21" File: C:/Users/liliangbin/Desktop/eda/ex/index.v Line: 33
    Warning (13310): Register "index:inst|hour[6]" is converted into an equivalent circuit using register "index:inst|hour[6]~_emulated" and latch "index:inst|hour[6]~25" File: C:/Users/liliangbin/Desktop/eda/ex/index.v Line: 33
    Warning (13310): Register "index:inst|hour[7]" is converted into an equivalent circuit using register "index:inst|hour[7]~_emulated" and latch "index:inst|hour[7]~29" File: C:/Users/liliangbin/Desktop/eda/ex/index.v Line: 33
    Warning (13310): Register "index:inst|month[7]" is converted into an equivalent circuit using register "index:inst|month[7]~_emulated" and latch "index:inst|month[7]~1" File: C:/Users/liliangbin/Desktop/eda/ex/index.v Line: 33
    Warning (13310): Register "index:inst|month[6]" is converted into an equivalent circuit using register "index:inst|month[6]~_emulated" and latch "index:inst|month[6]~5" File: C:/Users/liliangbin/Desktop/eda/ex/index.v Line: 33
    Warning (13310): Register "index:inst|month[5]" is converted into an equivalent circuit using register "index:inst|month[5]~_emulated" and latch "index:inst|month[5]~9" File: C:/Users/liliangbin/Desktop/eda/ex/index.v Line: 33
    Warning (13310): Register "index:inst|month[4]" is converted into an equivalent circuit using register "index:inst|month[4]~_emulated" and latch "index:inst|month[4]~13" File: C:/Users/liliangbin/Desktop/eda/ex/index.v Line: 33
    Warning (13310): Register "index:inst|month[3]" is converted into an equivalent circuit using register "index:inst|month[3]~_emulated" and latch "index:inst|month[3]~17" File: C:/Users/liliangbin/Desktop/eda/ex/index.v Line: 33
    Warning (13310): Register "index:inst|month[2]" is converted into an equivalent circuit using register "index:inst|month[2]~_emulated" and latch "index:inst|month[2]~21" File: C:/Users/liliangbin/Desktop/eda/ex/index.v Line: 33
    Warning (13310): Register "index:inst|month[1]" is converted into an equivalent circuit using register "index:inst|month[1]~_emulated" and latch "index:inst|month[1]~25" File: C:/Users/liliangbin/Desktop/eda/ex/index.v Line: 33
    Warning (13310): Register "index:inst|month[0]" is converted into an equivalent circuit using register "index:inst|month[0]~_emulated" and latch "index:inst|month[0]~29" File: C:/Users/liliangbin/Desktop/eda/ex/index.v Line: 33
    Warning (13310): Register "index:inst|day[7]" is converted into an equivalent circuit using register "index:inst|day[7]~_emulated" and latch "index:inst|day[7]~1" File: C:/Users/liliangbin/Desktop/eda/ex/index.v Line: 33
    Warning (13310): Register "index:inst|day[6]" is converted into an equivalent circuit using register "index:inst|day[6]~_emulated" and latch "index:inst|day[6]~5" File: C:/Users/liliangbin/Desktop/eda/ex/index.v Line: 33
    Warning (13310): Register "index:inst|day[5]" is converted into an equivalent circuit using register "index:inst|day[5]~_emulated" and latch "index:inst|day[5]~9" File: C:/Users/liliangbin/Desktop/eda/ex/index.v Line: 33
    Warning (13310): Register "index:inst|day[4]" is converted into an equivalent circuit using register "index:inst|day[4]~_emulated" and latch "index:inst|day[4]~13" File: C:/Users/liliangbin/Desktop/eda/ex/index.v Line: 33
    Warning (13310): Register "index:inst|day[3]" is converted into an equivalent circuit using register "index:inst|day[3]~_emulated" and latch "index:inst|day[3]~17" File: C:/Users/liliangbin/Desktop/eda/ex/index.v Line: 33
    Warning (13310): Register "index:inst|day[2]" is converted into an equivalent circuit using register "index:inst|day[2]~_emulated" and latch "index:inst|day[2]~21" File: C:/Users/liliangbin/Desktop/eda/ex/index.v Line: 33
    Warning (13310): Register "index:inst|day[1]" is converted into an equivalent circuit using register "index:inst|day[1]~_emulated" and latch "index:inst|day[1]~25" File: C:/Users/liliangbin/Desktop/eda/ex/index.v Line: 33
    Warning (13310): Register "index:inst|day[0]" is converted into an equivalent circuit using register "index:inst|day[0]~_emulated" and latch "index:inst|day[0]~29" File: C:/Users/liliangbin/Desktop/eda/ex/index.v Line: 33
    Warning (13310): Register "index:inst|year[0]" is converted into an equivalent circuit using register "index:inst|year[0]~_emulated" and latch "index:inst|year[0]~1" File: C:/Users/liliangbin/Desktop/eda/ex/index.v Line: 33
    Warning (13310): Register "index:inst|year[1]" is converted into an equivalent circuit using register "index:inst|year[1]~_emulated" and latch "index:inst|year[1]~5" File: C:/Users/liliangbin/Desktop/eda/ex/index.v Line: 33
    Warning (13310): Register "index:inst|year[2]" is converted into an equivalent circuit using register "index:inst|year[2]~_emulated" and latch "index:inst|year[2]~9" File: C:/Users/liliangbin/Desktop/eda/ex/index.v Line: 33
    Warning (13310): Register "index:inst|year[3]" is converted into an equivalent circuit using register "index:inst|year[3]~_emulated" and latch "index:inst|year[3]~13" File: C:/Users/liliangbin/Desktop/eda/ex/index.v Line: 33
    Warning (13310): Register "index:inst|year[4]" is converted into an equivalent circuit using register "index:inst|year[4]~_emulated" and latch "index:inst|year[4]~17" File: C:/Users/liliangbin/Desktop/eda/ex/index.v Line: 33
    Warning (13310): Register "index:inst|year[5]" is converted into an equivalent circuit using register "index:inst|year[5]~_emulated" and latch "index:inst|year[5]~21" File: C:/Users/liliangbin/Desktop/eda/ex/index.v Line: 33
    Warning (13310): Register "index:inst|year[6]" is converted into an equivalent circuit using register "index:inst|year[6]~_emulated" and latch "index:inst|year[6]~25" File: C:/Users/liliangbin/Desktop/eda/ex/index.v Line: 33
    Warning (13310): Register "index:inst|year[7]" is converted into an equivalent circuit using register "index:inst|year[7]~_emulated" and latch "index:inst|year[7]~29" File: C:/Users/liliangbin/Desktop/eda/ex/index.v Line: 33
Info (286030): Timing-Driven Synthesis is running
Info (16010): Generating hard_block partition "hard_block:auto_generated_inst"
    Info (16011): Adding 0 node(s), including 0 DDIO, 0 PLL, 0 transceiver and 0 LCELL
Info (21057): Implemented 1210 device resources after synthesis - the final resource count might be different
    Info (21058): Implemented 7 input pins
    Info (21059): Implemented 49 output pins
    Info (21061): Implemented 1154 logic cells
Info: Quartus Prime Analysis & Synthesis was successful. 0 errors, 82 warnings
    Info: Peak virtual memory: 4804 megabytes
    Info: Processing ended: Thu Jun 21 20:37:56 2018
    Info: Elapsed time: 00:00:17
    Info: Total CPU time (on all processors): 00:00:30


